2025-02-14 17:43:40,166 :: 674704 [HikariPool-4 housekeeper] DEBUG com.zaxxer.hikari.pool.HikariPool - HikariPool-4 - Pool stats (total=10, active=0, idle=10, waiting=0)
2025-02-14 17:43:40,166 :: 674704 [HikariPool-4 housekeeper] DEBUG com.zaxxer.hikari.pool.HikariPool - HikariPool-4 - Fill pool skipped, pool has sufficient level or currently being filled.
2025-02-14 17:43:44,363 :: 678901 [http-nio-8080-exec-8] DEBUG org.hibernate.orm.sql.exec - Skipping reading Query result cache data: cache-enabled = false, cache-mode = NORMAL
2025-02-14 17:43:44,364 :: 678902 [http-nio-8080-exec-8] DEBUG org.hibernate.SQL - 
    select
        u1_0.user_id,
        u1_0.access_level,
        u1_0.created_on,
        u1_0.email,
        u1_0.full_name,
        u1_0.last_login,
        u1_0.updated_on,
        u1_0.parent_user_id,
        u1_0.password,
        u1_0.phone_number,
        u1_0.role,
        u1_0.user_name,
        u1_0.user_status 
    from
        tbl_user u1_0 
    where
        u1_0.user_name=?
2025-02-14 17:44:10,423 :: 704961 [HikariPool-4 housekeeper] DEBUG com.zaxxer.hikari.pool.HikariPool - HikariPool-4 - Pool stats (total=10, active=0, idle=10, waiting=0)
2025-02-14 17:44:10,423 :: 704961 [HikariPool-4 housekeeper] DEBUG com.zaxxer.hikari.pool.HikariPool - HikariPool-4 - Fill pool skipped, pool has sufficient level or currently being filled.
2025-02-14 17:44:40,426 :: 734964 [HikariPool-4 housekeeper] DEBUG com.zaxxer.hikari.pool.HikariPool - HikariPool-4 - Pool stats (total=10, active=0, idle=10, waiting=0)
2025-02-14 17:44:40,426 :: 734964 [HikariPool-4 housekeeper] DEBUG com.zaxxer.hikari.pool.HikariPool - HikariPool-4 - Fill pool skipped, pool has sufficient level or currently being filled.
2025-02-14 17:45:10,429 :: 764967 [HikariPool-4 housekeeper] DEBUG com.zaxxer.hikari.pool.HikariPool - HikariPool-4 - Pool stats (total=10, active=0, idle=10, waiting=0)
2025-02-14 17:45:10,429 :: 764967 [HikariPool-4 housekeeper] DEBUG com.zaxxer.hikari.pool.HikariPool - HikariPool-4 - Fill pool skipped, pool has sufficient level or currently being filled.
2025-02-14 17:45:40,432 :: 794970 [HikariPool-4 housekeeper] DEBUG com.zaxxer.hikari.pool.HikariPool - HikariPool-4 - Pool stats (total=10, active=0, idle=10, waiting=0)
2025-02-14 17:45:40,432 :: 794970 [HikariPool-4 housekeeper] DEBUG com.zaxxer.hikari.pool.HikariPool - HikariPool-4 - Fill pool skipped, pool has sufficient level or currently being filled.
2025-02-14 17:46:10,432 :: 824970 [HikariPool-4 housekeeper] DEBUG com.zaxxer.hikari.pool.HikariPool - HikariPool-4 - Pool stats (total=10, active=0, idle=10, waiting=0)
2025-02-14 17:46:10,432 :: 824970 [HikariPool-4 housekeeper] DEBUG com.zaxxer.hikari.pool.HikariPool - HikariPool-4 - Fill pool skipped, pool has sufficient level or currently being filled.
2025-02-14 17:46:17,413 :: 831951 [http-nio-8080-exec-1] DEBUG org.hibernate.orm.sql.exec - Skipping reading Query result cache data: cache-enabled = false, cache-mode = NORMAL
2025-02-14 17:46:17,414 :: 831952 [http-nio-8080-exec-1] DEBUG org.hibernate.SQL - 
    select
        u1_0.user_id,
        u1_0.access_level,
        u1_0.created_on,
        u1_0.email,
        u1_0.full_name,
        u1_0.last_login,
        u1_0.updated_on,
        u1_0.parent_user_id,
        u1_0.password,
        u1_0.phone_number,
        u1_0.role,
        u1_0.user_name,
        u1_0.user_status 
    from
        tbl_user u1_0 
    where
        u1_0.user_name=?
2025-02-14 17:46:40,433 :: 854971 [HikariPool-4 housekeeper] DEBUG com.zaxxer.hikari.pool.HikariPool - HikariPool-4 - Pool stats (total=10, active=0, idle=10, waiting=0)
2025-02-14 17:46:40,433 :: 854971 [HikariPool-4 housekeeper] DEBUG com.zaxxer.hikari.pool.HikariPool - HikariPool-4 - Fill pool skipped, pool has sufficient level or currently being filled.
2025-02-14 17:47:10,434 :: 884972 [HikariPool-4 housekeeper] DEBUG com.zaxxer.hikari.pool.HikariPool - HikariPool-4 - Pool stats (total=10, active=0, idle=10, waiting=0)
2025-02-14 17:47:10,434 :: 884972 [HikariPool-4 housekeeper] DEBUG com.zaxxer.hikari.pool.HikariPool - HikariPool-4 - Fill pool skipped, pool has sufficient level or currently being filled.
2025-02-14 17:47:40,461 :: 914999 [HikariPool-4 housekeeper] DEBUG com.zaxxer.hikari.pool.HikariPool - HikariPool-4 - Pool stats (total=10, active=0, idle=10, waiting=0)
2025-02-14 17:47:40,461 :: 914999 [HikariPool-4 housekeeper] DEBUG com.zaxxer.hikari.pool.HikariPool - HikariPool-4 - Fill pool skipped, pool has sufficient level or currently being filled.
2025-02-14 17:48:10,474 :: 945012 [HikariPool-4 housekeeper] DEBUG com.zaxxer.hikari.pool.HikariPool - HikariPool-4 - Pool stats (total=10, active=0, idle=10, waiting=0)
2025-02-14 17:48:10,475 :: 945013 [HikariPool-4 housekeeper] DEBUG com.zaxxer.hikari.pool.HikariPool - HikariPool-4 - Fill pool skipped, pool has sufficient level or currently being filled.
2025-02-14 17:48:40,479 :: 975017 [HikariPool-4 housekeeper] DEBUG com.zaxxer.hikari.pool.HikariPool - HikariPool-4 - Pool stats (total=10, active=0, idle=10, waiting=0)
2025-02-14 17:48:40,479 :: 975017 [HikariPool-4 housekeeper] DEBUG com.zaxxer.hikari.pool.HikariPool - HikariPool-4 - Fill pool skipped, pool has sufficient level or currently being filled.
2025-02-14 17:49:10,490 :: 1005028 [HikariPool-4 housekeeper] DEBUG com.zaxxer.hikari.pool.HikariPool - HikariPool-4 - Pool stats (total=10, active=0, idle=10, waiting=0)
2025-02-14 17:49:10,490 :: 1005028 [HikariPool-4 housekeeper] DEBUG com.zaxxer.hikari.pool.HikariPool - HikariPool-4 - Fill pool skipped, pool has sufficient level or currently being filled.
2025-02-14 17:49:40,509 :: 1035047 [HikariPool-4 housekeeper] DEBUG com.zaxxer.hikari.pool.HikariPool - HikariPool-4 - Pool stats (total=10, active=0, idle=10, waiting=0)
2025-02-14 17:49:40,509 :: 1035047 [HikariPool-4 housekeeper] DEBUG com.zaxxer.hikari.pool.HikariPool - HikariPool-4 - Fill pool skipped, pool has sufficient level or currently being filled.
2025-02-14 17:50:10,520 :: 1065058 [HikariPool-4 housekeeper] DEBUG com.zaxxer.hikari.pool.HikariPool - HikariPool-4 - Pool stats (total=10, active=0, idle=10, waiting=0)
2025-02-14 17:50:10,520 :: 1065058 [HikariPool-4 housekeeper] DEBUG com.zaxxer.hikari.pool.HikariPool - HikariPool-4 - Fill pool skipped, pool has sufficient level or currently being filled.
2025-02-14 17:50:40,522 :: 1095060 [HikariPool-4 housekeeper] DEBUG com.zaxxer.hikari.pool.HikariPool - HikariPool-4 - Pool stats (total=10, active=0, idle=10, waiting=0)
2025-02-14 17:50:40,522 :: 1095060 [HikariPool-4 housekeeper] DEBUG com.zaxxer.hikari.pool.HikariPool - HikariPool-4 - Fill pool skipped, pool has sufficient level or currently being filled.
2025-02-14 17:51:10,540 :: 1125078 [HikariPool-4 housekeeper] DEBUG com.zaxxer.hikari.pool.HikariPool - HikariPool-4 - Pool stats (total=10, active=0, idle=10, waiting=0)
2025-02-14 17:51:10,541 :: 1125079 [HikariPool-4 housekeeper] DEBUG com.zaxxer.hikari.pool.HikariPool - HikariPool-4 - Fill pool skipped, pool has sufficient level or currently being filled.
2025-02-14 17:51:40,668 :: 1155206 [HikariPool-4 housekeeper] DEBUG com.zaxxer.hikari.pool.HikariPool - HikariPool-4 - Pool stats (total=10, active=0, idle=10, waiting=0)
2025-02-14 17:51:40,668 :: 1155206 [HikariPool-4 housekeeper] DEBUG com.zaxxer.hikari.pool.HikariPool - HikariPool-4 - Fill pool skipped, pool has sufficient level or currently being filled.
2025-02-14 17:52:10,669 :: 1185207 [HikariPool-4 housekeeper] DEBUG com.zaxxer.hikari.pool.HikariPool - HikariPool-4 - Pool stats (total=10, active=0, idle=10, waiting=0)
2025-02-14 17:52:10,669 :: 1185207 [HikariPool-4 housekeeper] DEBUG com.zaxxer.hikari.pool.HikariPool - HikariPool-4 - Fill pool skipped, pool has sufficient level or currently being filled.
2025-02-14 17:52:40,699 :: 1215237 [HikariPool-4 housekeeper] DEBUG com.zaxxer.hikari.pool.HikariPool - HikariPool-4 - Pool stats (total=10, active=0, idle=10, waiting=0)
2025-02-14 17:52:40,699 :: 1215237 [HikariPool-4 housekeeper] DEBUG com.zaxxer.hikari.pool.HikariPool - HikariPool-4 - Fill pool skipped, pool has sufficient level or currently being filled.
2025-02-14 17:53:10,711 :: 1245249 [HikariPool-4 housekeeper] DEBUG com.zaxxer.hikari.pool.HikariPool - HikariPool-4 - Pool stats (total=10, active=0, idle=10, waiting=0)
2025-02-14 17:53:10,711 :: 1245249 [HikariPool-4 housekeeper] DEBUG com.zaxxer.hikari.pool.HikariPool - HikariPool-4 - Fill pool skipped, pool has sufficient level or currently being filled.
2025-02-14 17:53:40,716 :: 1275254 [HikariPool-4 housekeeper] DEBUG com.zaxxer.hikari.pool.HikariPool - HikariPool-4 - Pool stats (total=10, active=0, idle=10, waiting=0)
2025-02-14 17:53:40,717 :: 1275255 [HikariPool-4 housekeeper] DEBUG com.zaxxer.hikari.pool.HikariPool - HikariPool-4 - Fill pool skipped, pool has sufficient level or currently being filled.
2025-02-14 17:54:10,720 :: 1305258 [HikariPool-4 housekeeper] DEBUG com.zaxxer.hikari.pool.HikariPool - HikariPool-4 - Pool stats (total=10, active=0, idle=10, waiting=0)
2025-02-14 17:54:10,720 :: 1305258 [HikariPool-4 housekeeper] DEBUG com.zaxxer.hikari.pool.HikariPool - HikariPool-4 - Fill pool skipped, pool has sufficient level or currently being filled.
2025-02-14 17:54:40,803 :: 1335341 [HikariPool-4 housekeeper] DEBUG com.zaxxer.hikari.pool.HikariPool - HikariPool-4 - Pool stats (total=10, active=0, idle=10, waiting=0)
2025-02-14 17:54:40,803 :: 1335341 [HikariPool-4 housekeeper] DEBUG com.zaxxer.hikari.pool.HikariPool - HikariPool-4 - Fill pool skipped, pool has sufficient level or currently being filled.
2025-02-14 17:55:10,815 :: 1365353 [HikariPool-4 housekeeper] DEBUG com.zaxxer.hikari.pool.HikariPool - HikariPool-4 - Pool stats (total=10, active=0, idle=10, waiting=0)
2025-02-14 17:55:10,815 :: 1365353 [HikariPool-4 housekeeper] DEBUG com.zaxxer.hikari.pool.HikariPool - HikariPool-4 - Fill pool skipped, pool has sufficient level or currently being filled.
2025-02-14 17:55:40,816 :: 1395354 [HikariPool-4 housekeeper] DEBUG com.zaxxer.hikari.pool.HikariPool - HikariPool-4 - Pool stats (total=10, active=0, idle=10, waiting=0)
2025-02-14 17:55:40,816 :: 1395354 [HikariPool-4 housekeeper] DEBUG com.zaxxer.hikari.pool.HikariPool - HikariPool-4 - Fill pool skipped, pool has sufficient level or currently being filled.
2025-02-14 17:56:10,828 :: 1425366 [HikariPool-4 housekeeper] DEBUG com.zaxxer.hikari.pool.HikariPool - HikariPool-4 - Pool stats (total=10, active=0, idle=10, waiting=0)
2025-02-14 17:56:10,829 :: 1425367 [HikariPool-4 housekeeper] DEBUG com.zaxxer.hikari.pool.HikariPool - HikariPool-4 - Fill pool skipped, pool has sufficient level or currently being filled.
2025-02-14 17:56:40,835 :: 1455373 [HikariPool-4 housekeeper] DEBUG com.zaxxer.hikari.pool.HikariPool - HikariPool-4 - Pool stats (total=10, active=0, idle=10, waiting=0)
2025-02-14 17:56:40,835 :: 1455373 [HikariPool-4 housekeeper] DEBUG com.zaxxer.hikari.pool.HikariPool - HikariPool-4 - Fill pool skipped, pool has sufficient level or currently being filled.
2025-02-14 17:57:10,837 :: 1485375 [HikariPool-4 housekeeper] DEBUG com.zaxxer.hikari.pool.HikariPool - HikariPool-4 - Pool stats (total=10, active=0, idle=10, waiting=0)
2025-02-14 17:57:10,837 :: 1485375 [HikariPool-4 housekeeper] DEBUG com.zaxxer.hikari.pool.HikariPool - HikariPool-4 - Fill pool skipped, pool has sufficient level or currently being filled.
2025-02-14 17:57:40,849 :: 1515387 [HikariPool-4 housekeeper] DEBUG com.zaxxer.hikari.pool.HikariPool - HikariPool-4 - Pool stats (total=10, active=0, idle=10, waiting=0)
2025-02-14 17:57:40,849 :: 1515387 [HikariPool-4 housekeeper] DEBUG com.zaxxer.hikari.pool.HikariPool - HikariPool-4 - Fill pool skipped, pool has sufficient level or currently being filled.
2025-02-14 17:58:10,863 :: 1545401 [HikariPool-4 housekeeper] DEBUG com.zaxxer.hikari.pool.HikariPool - HikariPool-4 - Pool stats (total=10, active=0, idle=10, waiting=0)
2025-02-14 17:58:10,864 :: 1545402 [HikariPool-4 housekeeper] DEBUG com.zaxxer.hikari.pool.HikariPool - HikariPool-4 - Fill pool skipped, pool has sufficient level or currently being filled.
2025-02-14 17:58:40,869 :: 1575407 [HikariPool-4 housekeeper] DEBUG com.zaxxer.hikari.pool.HikariPool - HikariPool-4 - Pool stats (total=10, active=0, idle=10, waiting=0)
2025-02-14 17:58:40,869 :: 1575407 [HikariPool-4 housekeeper] DEBUG com.zaxxer.hikari.pool.HikariPool - HikariPool-4 - Fill pool skipped, pool has sufficient level or currently being filled.
2025-02-14 17:59:10,869 :: 1605407 [HikariPool-4 housekeeper] DEBUG com.zaxxer.hikari.pool.HikariPool - HikariPool-4 - Pool stats (total=10, active=0, idle=10, waiting=0)
2025-02-14 17:59:10,869 :: 1605407 [HikariPool-4 housekeeper] DEBUG com.zaxxer.hikari.pool.HikariPool - HikariPool-4 - Fill pool skipped, pool has sufficient level or currently being filled.
